[2018-04-28 01:55:53] [INFO]: 开始执行测试用例[tastcass1]
[2018-04-28 01:55:53] [INFO]: 接口请求地址为 --> http://127.0.0.1:2333/test
[2018-04-28 01:55:53] [INFO]: 接口请求方法为 --> POST
[2018-04-28 01:55:53] [INFO]: 接口请求header --> {'Content-Type': 'application/json'}
[2018-04-28 01:55:53] [INFO]: 接口请求数据为 --> {'aaa': 'bbb'}
[2018-04-28 01:55:53] [INFO]: 测试用例[tastcass1]检查点执行通过,检查点信息为 --> [{'aaa': 'bbb'}, {'aaa': 'bbb'}]
[2018-04-28 01:55:53] [INFO]: 测试用例[tastcass1]检查点执行通过,检查点信息为 --> [200, 200]
[2018-04-28 01:55:53] [INFO]: ******************************************************************************************
[2018-04-28 01:55:53] [INFO]: 开始执行测试用例[tastcass2]
[2018-04-28 01:55:53] [INFO]: 接口请求地址为 --> http://127.0.0.1:2333/test
[2018-04-28 01:55:53] [INFO]: 接口请求方法为 --> POST
[2018-04-28 01:55:53] [INFO]: 接口请求header --> {'Content-Type': 'application/json'}
[2018-04-28 01:55:53] [INFO]: 接口请求数据为 --> {'aaa': 'bbb'}
[2018-04-28 01:55:53] [INFO]: 测试用例[tastcass2]检查点执行通过,检查点信息为 --> [{'aaa': 'bbb'}, {'aaa': 'bbb'}]
[2018-04-28 01:55:53] [WARNING]: 测试用例[tastcass2]测试不通过,错误信息为 --> 
[2018-04-28 01:55:53] [INFO]: ******************************************************************************************
[2018-04-28 01:55:53] [INFO]: 共计[2]条测试用例执行完成！
[2018-04-28 01:55:53] [INFO]: ******************************************************************************************
[2018-04-28 02:55:32] [ERROR]: sql语句[insert into t_testcass values(null,'用例99','testcass','{"url":"wwww.baidu.com"}','{"Equal": "["r.json()","request["json"]"]"}',null,null,null);]执行失败,错误信息为 --> (3140, 'Invalid JSON text: "Missing a comma or \'}\' after an object member." at position 14 in value for column \'t_testcass.validate\'.')
[2018-04-28 02:56:58] [ERROR]: sql语句[insert into t_testcass values(null,'用例99','testcass','{"url":"wwww.baidu.com"}','{"Equal": "["r.json()","request[\"json\"]"]"}',null,null,null);]执行失败,错误信息为 --> (3140, 'Invalid JSON text: "Missing a comma or \'}\' after an object member." at position 14 in value for column \'t_testcass.validate\'.')
[2018-04-28 02:57:30] [ERROR]: sql语句[insert into t_testcass values(null,'用例99','testcass','{"url":"wwww.baidu.com"}','{"Equal": "["r.json()","11111"]"}',null,null,null);]执行失败,错误信息为 --> (3140, 'Invalid JSON text: "Missing a comma or \'}\' after an object member." at position 14 in value for column \'t_testcass.validate\'.')
[2018-04-28 02:58:28] [ERROR]: sql语句[insert into t_testcass values(null,'用例99','testcass','{"url":"wwww.baidu.com"}','{"Equal": "["11111","2222"]"}',null,null,null);]执行失败,错误信息为 --> (3140, 'Invalid JSON text: "Missing a comma or \'}\' after an object member." at position 14 in value for column \'t_testcass.validate\'.')
[2018-04-28 02:58:47] [ERROR]: sql语句[insert into t_testcass values(null,'用例99','testcass','{"url":"wwww.baidu.com"}','{"Equal": "[\"11111\",\"2222\"]"}',null,null,null);]执行失败,错误信息为 --> (3140, 'Invalid JSON text: "Missing a comma or \'}\' after an object member." at position 14 in value for column \'t_testcass.validate\'.')
[2018-04-28 02:59:10] [ERROR]: sql语句[insert into t_testcass values(null,'用例99','testcass','{"url":"wwww.baidu.com"}','{"Equal": "['111','2222']"}',null,null,null);]执行失败,错误信息为 --> (1064, 'You have an error in your SQL syntax; check the manual that corresponds to your MySQL server version for the right syntax to use near \'111\',\'2222\']"}\',null,null,null)\' at line 1')
[2018-04-28 02:59:25] [ERROR]: sql语句[insert into t_testcass values(null,'用例99','testcass','{"url":"wwww.baidu.com"}','{"Equal": ['111','2222']}',null,null,null);]执行失败,错误信息为 --> (1064, "You have an error in your SQL syntax; check the manual that corresponds to your MySQL server version for the right syntax to use near '111','2222']}',null,null,null)' at line 1")
[2018-04-28 03:00:15] [ERROR]: sql语句[insert into t_testcass values(null,'用例99','testcass','{"url":"wwww.baidu.com"}','{"Equal": ['111','2222']}',null,null,null);]执行失败,错误信息为 --> (1064, "You have an error in your SQL syntax; check the manual that corresponds to your MySQL server version for the right syntax to use near '111','2222']}',null,null,null)' at line 1")
[2018-04-28 03:00:39] [ERROR]: sql语句[insert into t_testcass values(null,'用例99','testcass','{"url":"wwww.baidu.com"}','{"Equal": ['111','2222']}',null,null,null);]执行失败,错误信息为 --> (1064, "You have an error in your SQL syntax; check the manual that corresponds to your MySQL server version for the right syntax to use near '111','2222']}',null,null,null)' at line 1")
[2018-04-28 03:02:59] [ERROR]: sql语句[insert into t_testcass values(null,'用例99','testcass','{"url":"wwww.baidu.com"}','{"Equal": ['111','2222']}',null,null,null);]执行失败,错误信息为 --> (1064, "You have an error in your SQL syntax; check the manual that corresponds to your MySQL server version for the right syntax to use near '111','2222']}',null,null,null)' at line 1")
[2018-04-28 03:02:59] [ERROR]: sql语句[insert into t_testcass values(null,'用例99','testcass','{"url":"wwww.baidu.com"}','{"Equal": ['111','2222']}',null,null,null);]执行失败,错误信息为 --> (1064, "You have an error in your SQL syntax; check the manual that corresponds to your MySQL server version for the right syntax to use near '111','2222']}',null,null,null)' at line 1")
[2018-04-28 03:03:49] [ERROR]: sql语句[insert into t_testcass values(null,'用例99','testcass','{"url":"wwww.baidu.com"}','{"Equal": ['111','2222']}',null,null,null);]执行失败,错误信息为 --> (1064, "You have an error in your SQL syntax; check the manual that corresponds to your MySQL server version for the right syntax to use near '111','2222']}',null,null,null)' at line 1")
[2018-04-28 03:03:49] [ERROR]: sql语句[insert into t_testcass values(null,'用例99','testcass','{"url":"wwww.baidu.com"}','{"Equal": ['111','2222']}',null,null,null);]执行失败,错误信息为 --> (1064, "You have an error in your SQL syntax; check the manual that corresponds to your MySQL server version for the right syntax to use near '111','2222']}',null,null,null)' at line 1")
[2018-04-28 03:06:29] [ERROR]: sql语句[insert into t_testcass values(null,'用例99','testcass','{"url":"wwww.baidu.com"}','{"Equal": ["r.json()","request[""]"]}',null,null,null);]执行失败,错误信息为 --> (3140, 'Invalid JSON text: "Missing a comma or \']\' after an array element." at position 33 in value for column \'t_testcass.validate\'.')
[2018-04-28 03:06:29] [ERROR]: sql语句[insert into t_testcass values(null,'用例99','testcass','{"url":"wwww.baidu.com"}','{"Equal": ["r.json()","request[""]"]}',null,null,null);]执行失败,错误信息为 --> (3140, 'Invalid JSON text: "Missing a comma or \']\' after an array element." at position 33 in value for column \'t_testcass.validate\'.')
[2018-04-28 03:06:42] [ERROR]: sql语句[insert into t_testcass values(null,'用例99','testcass','{"url":"wwww.baidu.com"}','{"Equal": ["r.json()","request["s"]"]}',null,null,null);]执行失败,错误信息为 --> (3140, 'Invalid JSON text: "Missing a comma or \']\' after an array element." at position 33 in value for column \'t_testcass.validate\'.')
[2018-04-28 03:06:42] [ERROR]: sql语句[insert into t_testcass values(null,'用例99','testcass','{"url":"wwww.baidu.com"}','{"Equal": ["r.json()","request["s"]"]}',null,null,null);]执行失败,错误信息为 --> (3140, 'Invalid JSON text: "Missing a comma or \']\' after an array element." at position 33 in value for column \'t_testcass.validate\'.')
[2018-04-28 03:07:57] [ERROR]: sql语句[insert into t_testcass values(null,'用例99','testcass','{"url":"wwww.baidu.com"}','{"Equal": ["r.json()","request["json"]"]}',null,null,null);]执行失败,错误信息为 --> (3140, 'Invalid JSON text: "Missing a comma or \']\' after an array element." at position 33 in value for column \'t_testcass.validate\'.')
[2018-04-28 03:07:57] [ERROR]: sql语句[insert into t_testcass values(null,'用例99','testcass','{"url":"wwww.baidu.com"}','{"Equal": ["r.json()","request["json"]"]}',null,null,null);]执行失败,错误信息为 --> (3140, 'Invalid JSON text: "Missing a comma or \']\' after an array element." at position 33 in value for column \'t_testcass.validate\'.')
[2018-04-28 03:08:57] [ERROR]: sql语句[insert into t_testcass values(null,'用例99','testcass','{"url":"wwww.baidu.com"}','{"Equal": ["r.json()","request["json"]"]}',null,null,null);]执行失败,错误信息为 --> (3140, 'Invalid JSON text: "Missing a comma or \']\' after an array element." at position 33 in value for column \'t_testcass.validate\'.')
[2018-04-28 03:08:57] [ERROR]: sql语句[insert into t_testcass values(null,'用例99','testcass','{"url":"wwww.baidu.com"}','{"Equal": ["r.json()","request["json"]"]}',null,null,null);]执行失败,错误信息为 --> (3140, 'Invalid JSON text: "Missing a comma or \']\' after an array element." at position 33 in value for column \'t_testcass.validate\'.')
[2018-04-28 03:09:31] [ERROR]: sql语句[insert into t_testcass values(null,'用例99','testcass','{"url":"wwww.baidu.com"}','{"Equal": ["r.json()","request["json"]"]}',null,null,null);]执行失败,错误信息为 --> (3140, 'Invalid JSON text: "Missing a comma or \']\' after an array element." at position 33 in value for column \'t_testcass.validate\'.')
[2018-04-28 03:09:40] [ERROR]: sql语句[insert into t_testcass values(null,'用例99','testcass','{"url":"wwww.baidu.com"}','{"Equal": ["r.json()","request[\"json\"]"]}',null,null,null);]执行失败,错误信息为 --> (3140, 'Invalid JSON text: "Missing a comma or \']\' after an array element." at position 33 in value for column \'t_testcass.validate\'.')
[2018-04-28 03:10:07] [ERROR]: sql语句[insert into t_testcass values(null,'用例99','testcass','{"url":"wwww.baidu.com"}','{"Equal": ["r.json()","request["json"]"]}',null,null,null);]执行失败,错误信息为 --> (3140, 'Invalid JSON text: "Missing a comma or \']\' after an array element." at position 33 in value for column \'t_testcass.validate\'.')
[2018-04-28 03:10:26] [ERROR]: sql语句[insert into t_testcass values(null,'用例99','testcass','{"url":"wwww.baidu.com"}','{"Equal": ["r.json()","request['json']"]}',null,null,null);]执行失败,错误信息为 --> (1064, 'You have an error in your SQL syntax; check the manual that corresponds to your MySQL server version for the right syntax to use near \'json\']"]}\',null,null,null)\' at line 1')
[2018-04-28 03:11:00] [ERROR]: sql语句[insert into t_testcass values(null,'用例99','testcass','{"url":"wwww.baidu.com"}','{"Equal": ["r.json()","request[\"json\"]"]}',null,null,null);]执行失败,错误信息为 --> (3140, 'Invalid JSON text: "Missing a comma or \']\' after an array element." at position 33 in value for column \'t_testcass.validate\'.')
[2018-04-28 03:13:04] [ERROR]: sql语句[insert into t_testcass values(null,'用例99','testcass','{"url":"wwww.baidu.com"}','{"Equal": ["r.json()","request[""]"]}',null,null,null);]执行失败,错误信息为 --> (3140, 'Invalid JSON text: "Missing a comma or \']\' after an array element." at position 33 in value for column \'t_testcass.validate\'.')
[2018-04-28 03:14:26] [ERROR]: sql语句[insert into t_testcass values(null,'用例99','testcass','{"url":"wwww.baidu.com"}','{"Equal": ["r.json()","request[\"\"]"]}',null,null,null);]执行失败,错误信息为 --> (3140, 'Invalid JSON text: "Missing a comma or \']\' after an array element." at position 33 in value for column \'t_testcass.validate\'.')
[2018-04-28 03:17:36] [INFO]: 开始执行测试用例[用例99]
[2018-04-28 03:17:36] [INFO]: 接口请求地址为 --> http://127.0.0.1:2333/test
[2018-04-28 03:17:36] [INFO]: 接口请求方法为 --> POST
[2018-04-28 03:17:36] [INFO]: 接口请求header --> {'Content-Type': 'application/json'}
[2018-04-28 03:17:36] [INFO]: 接口请求数据为 --> {'aaa': 'bbb'}
[2018-04-28 03:17:36] [INFO]: 测试用例[用例99]检查点执行通过,检查点信息为 --> [{'aaa': 'bbb'}, {'aaa': 'bbb'}]
[2018-04-28 03:17:36] [INFO]: 测试用例[用例99]检查点执行通过,检查点信息为 --> [200, 200]
[2018-04-28 03:17:36] [INFO]: ******************************************************************************************
[2018-04-28 03:17:36] [INFO]: 共计[1]条测试用例执行完成！
[2018-04-28 03:17:36] [INFO]: ******************************************************************************************
