{
  "uid" : "4cba8ec959e0e425",
  "name" : "测试报告2",
  "fullName" : "testcass.test_demo1.TestBar#test_bar2",
  "historyId" : "cdf74477d58409276683dbffecdbbdb9",
  "time" : {
    "start" : 1523331140156,
    "stop" : 1523331140169,
    "duration" : 13
  },
  "status" : "failed",
  "statusMessage" : "AssertionError: assert False",
  "statusTrace" : "self = <test_demo1.TestBar object at 0x000002467B0CD470>\n\n    @allure.title(\"测试报告2\")\n    def test_bar2(self):\n        with allure.step(\"步骤一\"):\n            assert True\n        with allure.step(\"步骤二\"):\n            assert True\n        with allure.step(\"步骤三\"):\n            allure.attach('失败的步骤', '具体内容')\n>           assert False\nE           assert False\n\ntestcass\\test_demo1.py:31: AssertionError",
  "flaky" : false,
  "beforeStages" : [ ],
  "testStage" : {
    "status" : "failed",
    "statusMessage" : "AssertionError: assert False",
    "statusTrace" : "self = <test_demo1.TestBar object at 0x000002467B0CD470>\n\n    @allure.title(\"测试报告2\")\n    def test_bar2(self):\n        with allure.step(\"步骤一\"):\n            assert True\n        with allure.step(\"步骤二\"):\n            assert True\n        with allure.step(\"步骤三\"):\n            allure.attach('失败的步骤', '具体内容')\n>           assert False\nE           assert False\n\ntestcass\\test_demo1.py:31: AssertionError",
    "steps" : [ {
      "name" : "步骤一",
      "time" : {
        "start" : 1523331140156,
        "stop" : 1523331140156,
        "duration" : 0
      },
      "status" : "passed",
      "steps" : [ ],
      "attachments" : [ ],
      "parameters" : [ ],
      "hasContent" : false,
      "stepsCount" : 0,
      "shouldDisplayMessage" : false,
      "attachmentsCount" : 0
    }, {
      "name" : "步骤二",
      "time" : {
        "start" : 1523331140156,
        "stop" : 1523331140156,
        "duration" : 0
      },
      "status" : "passed",
      "steps" : [ ],
      "attachments" : [ ],
      "parameters" : [ ],
      "hasContent" : false,
      "stepsCount" : 0,
      "shouldDisplayMessage" : false,
      "attachmentsCount" : 0
    }, {
      "name" : "步骤三",
      "time" : {
        "start" : 1523331140156,
        "stop" : 1523331140168,
        "duration" : 12
      },
      "status" : "failed",
      "statusMessage" : "AssertionError: assert False\n",
      "statusTrace" : "  File \"E:\\Nahsor\\testcass\\test_demo1.py\", line 31, in test_bar2\n    assert False\n",
      "steps" : [ ],
      "attachments" : [ {
        "uid" : "2d9e4365d17e2b4c",
        "name" : "具体内容",
        "source" : "2d9e4365d17e2b4c.attach",
        "type" : "text/plain",
        "size" : 15
      } ],
      "parameters" : [ ],
      "hasContent" : true,
      "stepsCount" : 0,
      "shouldDisplayMessage" : true,
      "attachmentsCount" : 1
    } ],
    "attachments" : [ ],
    "parameters" : [ ],
    "hasContent" : true,
    "stepsCount" : 3,
    "shouldDisplayMessage" : true,
    "attachmentsCount" : 1
  },
  "afterStages" : [ ],
  "labels" : [ {
    "name" : "story",
    "value" : "testcass2"
  }, {
    "name" : "story",
    "value" : "testcass3"
  }, {
    "name" : "story",
    "value" : "testcass4"
  }, {
    "name" : "feature",
    "value" : "testsuite2"
  }, {
    "name" : "host",
    "value" : "DESKTOP-5PN9VPJ"
  }, {
    "name" : "thread",
    "value" : "5636-Thread-1"
  }, {
    "name" : "framework",
    "value" : "pytest"
  }, {
    "name" : "language",
    "value" : "cpython3"
  }, {
    "name" : "package",
    "value" : "testcass.test_demo1"
  }, {
    "name" : "resultFormat",
    "value" : "allure2"
  } ],
  "parameters" : [ ],
  "links" : [ ],
  "hidden" : false,
  "retry" : false,
  "extra" : {
    "severity" : "normal",
    "retries" : [ ],
    "categories" : [ {
      "name" : "Product defects",
      "matchedStatuses" : [ ],
      "flaky" : false
    } ],
    "tags" : [ ]
  },
  "source" : "4cba8ec959e0e425.json",
  "parameterValues" : [ ]
}