{
  "uid" : "6855259699774cfa",
  "name" : "测试报告2",
  "fullName" : "test_demo1.TestBar#test_bar2",
  "historyId" : "ae3b472d7595459a20e0469e7ce9ae96",
  "time" : {
    "start" : 1523252371383,
    "stop" : 1523252371386,
    "duration" : 3
  },
  "status" : "failed",
  "statusMessage" : "AssertionError: assert False",
  "statusTrace" : "self = <test_demo1.TestBar object at 0x000001A339434F28>\n\n    @allure.title(\"测试报告2\")\n    def test_bar2(self):\n        with allure.step(\"步骤一\"):\n            assert True\n        with allure.step(\"步骤二\"):\n            assert True\n        with allure.step(\"步骤三\"):\n            allure.attach('失败的步骤', '具体内容')\n>           assert False\nE           assert False\n\ntest_demo1.py:32: AssertionError",
  "flaky" : false,
  "beforeStages" : [ ],
  "testStage" : {
    "status" : "failed",
    "statusMessage" : "AssertionError: assert False",
    "statusTrace" : "self = <test_demo1.TestBar object at 0x000001A339434F28>\n\n    @allure.title(\"测试报告2\")\n    def test_bar2(self):\n        with allure.step(\"步骤一\"):\n            assert True\n        with allure.step(\"步骤二\"):\n            assert True\n        with allure.step(\"步骤三\"):\n            allure.attach('失败的步骤', '具体内容')\n>           assert False\nE           assert False\n\ntest_demo1.py:32: AssertionError",
    "steps" : [ {
      "name" : "步骤一",
      "time" : {
        "start" : 1523252371383,
        "stop" : 1523252371383,
        "duration" : 0
      },
      "status" : "passed",
      "steps" : [ ],
      "attachments" : [ ],
      "parameters" : [ ],
      "hasContent" : false,
      "stepsCount" : 0,
      "shouldDisplayMessage" : false,
      "attachmentsCount" : 0
    }, {
      "name" : "步骤二",
      "time" : {
        "start" : 1523252371383,
        "stop" : 1523252371383,
        "duration" : 0
      },
      "status" : "passed",
      "steps" : [ ],
      "attachments" : [ ],
      "parameters" : [ ],
      "hasContent" : false,
      "stepsCount" : 0,
      "shouldDisplayMessage" : false,
      "attachmentsCount" : 0
    }, {
      "name" : "步骤三",
      "time" : {
        "start" : 1523252371383,
        "stop" : 1523252371386,
        "duration" : 3
      },
      "status" : "failed",
      "statusMessage" : "AssertionError: assert False\n",
      "statusTrace" : "  File \"E:\\Nahsor\\test_demo1.py\", line 32, in test_bar2\n    assert False\n",
      "steps" : [ ],
      "attachments" : [ {
        "uid" : "98558f14b449a844",
        "name" : "具体内容",
        "source" : "98558f14b449a844.attach",
        "type" : "text/plain",
        "size" : 15
      } ],
      "parameters" : [ ],
      "hasContent" : true,
      "stepsCount" : 0,
      "shouldDisplayMessage" : true,
      "attachmentsCount" : 1
    } ],
    "attachments" : [ ],
    "parameters" : [ ],
    "hasContent" : true,
    "stepsCount" : 3,
    "shouldDisplayMessage" : true,
    "attachmentsCount" : 1
  },
  "afterStages" : [ ],
  "labels" : [ {
    "name" : "feature",
    "value" : "testsuite2"
  }, {
    "name" : "story",
    "value" : "testcass2"
  }, {
    "name" : "story",
    "value" : "testcass3"
  }, {
    "name" : "story",
    "value" : "testcass4"
  }, {
    "name" : "host",
    "value" : "DESKTOP-5PN9VPJ"
  }, {
    "name" : "thread",
    "value" : "3600-Thread-1"
  }, {
    "name" : "framework",
    "value" : "pytest"
  }, {
    "name" : "language",
    "value" : "cpython3"
  }, {
    "name" : "package",
    "value" : "test_demo1"
  }, {
    "name" : "resultFormat",
    "value" : "allure2"
  } ],
  "parameters" : [ ],
  "links" : [ ],
  "hidden" : true,
  "retry" : true,
  "extra" : {
    "categories" : [ ],
    "tags" : [ ]
  },
  "source" : "6855259699774cfa.json",
  "parameterValues" : [ ]
}