{
  "uid" : "901c63a8e4455ddc",
  "name" : "测试报告2",
  "fullName" : "test_demo1.TestBar#test_bar2",
  "historyId" : "ae3b472d7595459a20e0469e7ce9ae96",
  "time" : {
    "start" : 1523262101601,
    "stop" : 1523262101609,
    "duration" : 8
  },
  "status" : "failed",
  "statusMessage" : "AssertionError: assert False",
  "statusTrace" : "self = <test_demo1.TestBar object at 0x000002E5DCA97828>\n\n    @allure.title(\"测试报告2\")\n    def test_bar2(self):\n        with allure.step(\"步骤一\"):\n            assert True\n        with allure.step(\"步骤二\"):\n            assert True\n        with allure.step(\"步骤三\"):\n            allure.attach('失败的步骤', '具体内容')\n>           assert False\nE           assert False\n\ntest_demo1.py:31: AssertionError",
  "flaky" : true,
  "beforeStages" : [ ],
  "testStage" : {
    "status" : "failed",
    "statusMessage" : "AssertionError: assert False",
    "statusTrace" : "self = <test_demo1.TestBar object at 0x000002E5DCA97828>\n\n    @allure.title(\"测试报告2\")\n    def test_bar2(self):\n        with allure.step(\"步骤一\"):\n            assert True\n        with allure.step(\"步骤二\"):\n            assert True\n        with allure.step(\"步骤三\"):\n            allure.attach('失败的步骤', '具体内容')\n>           assert False\nE           assert False\n\ntest_demo1.py:31: AssertionError",
    "steps" : [ {
      "name" : "步骤一",
      "time" : {
        "start" : 1523262101601,
        "stop" : 1523262101601,
        "duration" : 0
      },
      "status" : "passed",
      "steps" : [ ],
      "attachments" : [ ],
      "parameters" : [ ],
      "shouldDisplayMessage" : false,
      "attachmentsCount" : 0,
      "hasContent" : false,
      "stepsCount" : 0
    }, {
      "name" : "步骤二",
      "time" : {
        "start" : 1523262101601,
        "stop" : 1523262101601,
        "duration" : 0
      },
      "status" : "passed",
      "steps" : [ ],
      "attachments" : [ ],
      "parameters" : [ ],
      "shouldDisplayMessage" : false,
      "attachmentsCount" : 0,
      "hasContent" : false,
      "stepsCount" : 0
    }, {
      "name" : "步骤三",
      "time" : {
        "start" : 1523262101601,
        "stop" : 1523262101608,
        "duration" : 7
      },
      "status" : "failed",
      "statusMessage" : "AssertionError: assert False\n",
      "statusTrace" : "  File \"E:\\Nahsor\\test_demo1.py\", line 31, in test_bar2\n    assert False\n",
      "steps" : [ ],
      "attachments" : [ {
        "uid" : "18c95c9a185c96b9",
        "name" : "具体内容",
        "source" : "18c95c9a185c96b9.attach",
        "type" : "text/plain",
        "size" : 15
      } ],
      "parameters" : [ ],
      "shouldDisplayMessage" : true,
      "attachmentsCount" : 1,
      "hasContent" : true,
      "stepsCount" : 0
    } ],
    "attachments" : [ ],
    "parameters" : [ ],
    "shouldDisplayMessage" : true,
    "attachmentsCount" : 1,
    "hasContent" : true,
    "stepsCount" : 3
  },
  "afterStages" : [ ],
  "labels" : [ {
    "name" : "feature",
    "value" : "testsuite2"
  }, {
    "name" : "story",
    "value" : "testcass2"
  }, {
    "name" : "story",
    "value" : "testcass3"
  }, {
    "name" : "story",
    "value" : "testcass4"
  }, {
    "name" : "host",
    "value" : "DESKTOP-5PN9VPJ"
  }, {
    "name" : "thread",
    "value" : "18440-Thread-1"
  }, {
    "name" : "framework",
    "value" : "pytest"
  }, {
    "name" : "language",
    "value" : "cpython3"
  }, {
    "name" : "package",
    "value" : "test_demo1"
  }, {
    "name" : "resultFormat",
    "value" : "allure2"
  } ],
  "parameters" : [ ],
  "links" : [ ],
  "hidden" : false,
  "retry" : false,
  "extra" : {
    "severity" : "normal",
    "retries" : [ {
      "uid" : "d3e397180c63f8c7",
      "status" : "failed",
      "statusDetails" : "AssertionError: assert False",
      "time" : {
        "start" : 1523262087172,
        "stop" : 1523262087177,
        "duration" : 5
      }
    }, {
      "uid" : "d77d22f9dc0b417b",
      "status" : "failed",
      "statusDetails" : "AssertionError: assert False",
      "time" : {
        "start" : 1523252371383,
        "stop" : 1523252371386,
        "duration" : 3
      }
    }, {
      "uid" : "96051dc1911521c9",
      "status" : "failed",
      "statusDetails" : "AssertionError: assert False",
      "time" : {
        "start" : 1523251923595,
        "stop" : 1523251923599,
        "duration" : 4
      }
    }, {
      "uid" : "61c7f57e251f6bbb",
      "status" : "failed",
      "statusDetails" : "AssertionError: assert False",
      "time" : {
        "start" : 1523245730517,
        "stop" : 1523245730521,
        "duration" : 4
      }
    } ],
    "categories" : [ {
      "name" : "Product defects",
      "matchedStatuses" : [ ],
      "flaky" : false
    } ],
    "tags" : [ ]
  },
  "source" : "901c63a8e4455ddc.json",
  "parameterValues" : [ ]
}