{"fullName": "test_demo1.TestBar#test_bar2", "statusDetails": {"message": "AssertionError: assert False", "trace": "self = <test_demo1.TestBar object at 0x000001F8A85E26A0>\n\n    @allure.title(\"测试报告2\")\n    def test_bar2(self):\n        with allure.step(\"步骤一\"):\n            assert True\n        with allure.step(\"步骤二\"):\n            assert True\n        with allure.step(\"步骤三\"):\n            allure.attach('失败的步骤', '具体内容')\n>           assert False\nE           assert False\n\ntest_demo1.py:35: AssertionError"}, "historyId": "ae3b472d7595459a20e0469e7ce9ae96", "stop": 1523245730521, "start": 1523245730517, "labels": [{"value": "testcass2", "name": "story"}, {"value": "testcass3", "name": "story"}, {"value": "testcass4", "name": "story"}, {"value": "testsuite2", "name": "feature"}, {"value": "DESKTOP-5PN9VPJ", "name": "host"}, {"value": "12564-Thread-1", "name": "thread"}, {"value": "pytest", "name": "framework"}, {"value": "cpython3", "name": "language"}, {"value": "test_demo1", "name": "package"}], "uuid": "271cd2da-3775-4738-ad2d-b9605cd63b13", "name": "测试报告2", "status": "failed", "steps": [{"stop": 1523245730517, "start": 1523245730517, "name": "步骤一", "status": "passed"}, {"stop": 1523245730518, "start": 1523245730518, "name": "步骤二", "status": "passed"}, {"attachments": [{"source": "f61322d8-e4ef-409d-b6dc-fa8847d3f42a-attachment.attach", "name": "具体内容"}], "stop": 1523245730521, "statusDetails": {"message": "AssertionError: assert False\n", "trace": "  File \"E:\\Nahsor\\test_demo1.py\", line 35, in test_bar2\n    assert False\n"}, "start": 1523245730518, "name": "步骤三", "status": "failed"}]}