{"start": 1523331140156, "historyId": "cdf74477d58409276683dbffecdbbdb9", "labels": [{"name": "story", "value": "testcass2"}, {"name": "story", "value": "testcass3"}, {"name": "story", "value": "testcass4"}, {"name": "feature", "value": "testsuite2"}, {"name": "host", "value": "DESKTOP-5PN9VPJ"}, {"name": "thread", "value": "5636-Thread-1"}, {"name": "framework", "value": "pytest"}, {"name": "language", "value": "cpython3"}, {"name": "package", "value": "testcass.test_demo1"}], "fullName": "testcass.test_demo1.TestBar#test_bar2", "name": "测试报告2", "status": "failed", "statusDetails": {"trace": "self = <test_demo1.TestBar object at 0x000002467B0CD470>\n\n    @allure.title(\"测试报告2\")\n    def test_bar2(self):\n        with allure.step(\"步骤一\"):\n            assert True\n        with allure.step(\"步骤二\"):\n            assert True\n        with allure.step(\"步骤三\"):\n            allure.attach('失败的步骤', '具体内容')\n>           assert False\nE           assert False\n\ntestcass\\test_demo1.py:31: AssertionError", "message": "AssertionError: assert False"}, "stop": 1523331140169, "uuid": "add5b8b0-b0c5-44b1-830c-cf4ef3423f79", "steps": [{"name": "步骤一", "start": 1523331140156, "stop": 1523331140156, "status": "passed"}, {"name": "步骤二", "start": 1523331140156, "stop": 1523331140156, "status": "passed"}, {"start": 1523331140156, "attachments": [{"name": "具体内容", "source": "f95e7f88-babb-458e-bdc4-3cf2c9960b55-attachment.attach"}], "name": "步骤三", "statusDetails": {"trace": "  File \"E:\\Nahsor\\testcass\\test_demo1.py\", line 31, in test_bar2\n    assert False\n", "message": "AssertionError: assert False\n"}, "stop": 1523331140168, "status": "failed"}]}